ts="2026-04-21T19:28:40-0500" level="INFO" message="IGLD Regulation DMF Logger Initialized Successfully"
ts="2026-04-21T19:29:41-0500" level="ERROR" message="Bad response getting station code, error code: 429"
ts="2026-04-21T19:29:41-0500" level="ERROR" message="Bad response getting daily mean, error code: 400:"
ts="2026-04-21T19:29:41-0500" level="ERROR" message="    10050 Bad data for time period 2025/12"
ts="2026-04-21T19:29:46-0500" level="ERROR" message="Bad response getting daily mean, error code: 400:"
ts="2026-04-21T19:29:46-0500" level="ERROR" message="    10050 Bad data for time period 2025/12"
ts="2026-04-21T19:29:51-0500" level="ERROR" message="Bad response getting daily mean, error code: 429:"
ts="2026-04-21T19:29:51-0500" level="ERROR" message="    10050 Bad data for time period 2025/12"
ts="2026-04-21T19:29:56-0500" level="ERROR" message="Bad response getting daily mean, error code: 400:"
ts="2026-04-21T19:29:56-0500" level="ERROR" message="    10050 Bad data for time period 2025/12"
ts="2026-04-21T19:30:02-0500" level="ERROR" message="Bad response getting daily mean, error code: 400:"
ts="2026-04-21T19:30:02-0500" level="ERROR" message="    10050 Bad data for time period 2025/12"
ts="2026-04-21T19:31:36-0500" level="ERROR" message="Bad response getting station code, error code: 429"
ts="2026-04-21T19:31:36-0500" level="ERROR" message="Bad response getting daily mean, error code: 400:"
ts="2026-04-21T19:31:36-0500" level="ERROR" message="    10220 Bad data for time period 2025/10"
ts="2026-04-21T19:31:41-0500" level="ERROR" message="Bad response getting daily mean, error code: 400:"
ts="2026-04-21T19:31:41-0500" level="ERROR" message="    10220 Bad data for time period 2025/10"
ts="2026-04-21T19:31:47-0500" level="ERROR" message="Bad response getting daily mean, error code: 400:"
ts="2026-04-21T19:31:47-0500" level="ERROR" message="    10220 Bad data for time period 2025/10"
ts="2026-04-21T19:31:52-0500" level="ERROR" message="Bad response getting daily mean, error code: 400:"
ts="2026-04-21T19:31:52-0500" level="ERROR" message="    10220 Bad data for time period 2025/10"
ts="2026-04-21T19:31:57-0500" level="ERROR" message="Bad response getting daily mean, error code: 400:"
ts="2026-04-21T19:31:57-0500" level="ERROR" message="    10220 Bad data for time period 2025/10"
ts="2026-04-21T19:32:18-0500" level="ERROR" message="Bad response getting station code, error code: 429"
ts="2026-04-21T19:32:18-0500" level="ERROR" message="Bad response getting daily mean, error code: 400:"
ts="2026-04-21T19:32:18-0500" level="ERROR" message="    10750 Bad data for time period 2025/02"
ts="2026-04-21T19:32:24-0500" level="ERROR" message="Bad response getting daily mean, error code: 400:"
ts="2026-04-21T19:32:24-0500" level="ERROR" message="    10750 Bad data for time period 2025/02"
ts="2026-04-21T19:32:29-0500" level="ERROR" message="Bad response getting daily mean, error code: 400:"
ts="2026-04-21T19:32:29-0500" level="ERROR" message="    10750 Bad data for time period 2025/02"
ts="2026-04-21T19:32:34-0500" level="ERROR" message="Bad response getting daily mean, error code: 400:"
ts="2026-04-21T19:32:34-0500" level="ERROR" message="    10750 Bad data for time period 2025/02"
ts="2026-04-21T19:32:39-0500" level="ERROR" message="Bad response getting daily mean, error code: 400:"
ts="2026-04-21T19:32:39-0500" level="ERROR" message="    10750 Bad data for time period 2025/02"
ts="2026-04-21T19:33:00-0500" level="ERROR" message="Bad response getting daily mean, error code: 429:"
ts="2026-04-21T19:33:00-0500" level="ERROR" message="    10750 Bad data for time period 2025/06"
ts="2026-04-21T19:33:21-0500" level="ERROR" message="Bad response getting daily mean, error code: 429:"
ts="2026-04-21T19:33:21-0500" level="ERROR" message="    10750 Bad data for time period 2025/09"
ts="2026-04-21T19:33:42-0500" level="ERROR" message="Bad response getting station code, error code: 429"
ts="2026-04-21T19:33:43-0500" level="ERROR" message="Bad response getting daily mean, error code: 429:"
ts="2026-04-21T19:33:43-0500" level="ERROR" message="    10750 Bad data for time period 2025/12"
ts="2026-04-21T19:33:48-0500" level="ERROR" message="Bad response getting daily mean, error code: 400:"
ts="2026-04-21T19:33:48-0500" level="ERROR" message="    10750 Bad data for time period 2025/12"
ts="2026-04-21T19:33:53-0500" level="ERROR" message="Bad response getting daily mean, error code: 400:"
ts="2026-04-21T19:33:53-0500" level="ERROR" message="    10750 Bad data for time period 2025/12"
ts="2026-04-21T19:33:58-0500" level="ERROR" message="Bad response getting daily mean, error code: 400:"
ts="2026-04-21T19:33:58-0500" level="ERROR" message="    10750 Bad data for time period 2025/12"
ts="2026-04-21T19:34:03-0500" level="ERROR" message="Bad response getting daily mean, error code: 400:"
ts="2026-04-21T19:34:03-0500" level="ERROR" message="    10750 Bad data for time period 2025/12"
ts="2026-04-21T19:34:24-0500" level="ERROR" message="Bad response getting station code, error code: 429"
ts="2026-04-21T19:34:24-0500" level="ERROR" message="Bad response getting daily mean, error code: 400:"
ts="2026-04-21T19:34:24-0500" level="ERROR" message="    10920 Bad data for time period 2025/04"
ts="2026-04-21T19:34:30-0500" level="ERROR" message="Bad response getting daily mean, error code: 400:"
ts="2026-04-21T19:34:30-0500" level="ERROR" message="    10920 Bad data for time period 2025/04"
ts="2026-04-21T19:34:35-0500" level="ERROR" message="Bad response getting daily mean, error code: 400:"
ts="2026-04-21T19:34:35-0500" level="ERROR" message="    10920 Bad data for time period 2025/04"
ts="2026-04-21T19:34:40-0500" level="ERROR" message="Bad response getting daily mean, error code: 400:"
ts="2026-04-21T19:34:40-0500" level="ERROR" message="    10920 Bad data for time period 2025/04"
ts="2026-04-21T19:34:45-0500" level="ERROR" message="Bad response getting daily mean, error code: 429:"
ts="2026-04-21T19:34:45-0500" level="ERROR" message="    10920 Bad data for time period 2025/04"
ts="2026-04-21T19:35:35-0500" level="ERROR" message="Bad response getting station code, error code: 429"
ts="2026-04-21T19:35:35-0500" level="ERROR" message="Bad response getting daily mean, error code: 400:"
ts="2026-04-21T19:35:35-0500" level="ERROR" message="    10920 Bad data for time period 2025/06"
ts="2026-04-21T19:35:41-0500" level="ERROR" message="Bad response getting daily mean, error code: 400:"
ts="2026-04-21T19:35:41-0500" level="ERROR" message="    10920 Bad data for time period 2025/06"
ts="2026-04-21T19:35:46-0500" level="ERROR" message="Bad response getting daily mean, error code: 400:"
ts="2026-04-21T19:35:46-0500" level="ERROR" message="    10920 Bad data for time period 2025/06"
ts="2026-04-21T19:35:51-0500" level="ERROR" message="Bad response getting daily mean, error code: 429:"
ts="2026-04-21T19:35:51-0500" level="ERROR" message="    10920 Bad data for time period 2025/06"
ts="2026-04-21T19:35:56-0500" level="ERROR" message="Bad response getting daily mean, error code: 400:"
ts="2026-04-21T19:35:56-0500" level="ERROR" message="    10920 Bad data for time period 2025/06"
ts="2026-04-21T19:36:33-0500" level="ERROR" message="Bad response getting daily mean, error code: 429:"
ts="2026-04-21T19:36:33-0500" level="ERROR" message="    10980 Bad data for time period 2025/01"
ts="2026-04-21T19:36:55-0500" level="ERROR" message="Bad response getting station code, error code: 429"
ts="2026-04-21T19:36:55-0500" level="ERROR" message="Bad response getting daily mean, error code: 400:"
ts="2026-04-21T19:36:55-0500" level="ERROR" message="    10980 Bad data for time period 2025/04"
ts="2026-04-21T19:37:00-0500" level="ERROR" message="Bad response getting daily mean, error code: 400:"
ts="2026-04-21T19:37:00-0500" level="ERROR" message="    10980 Bad data for time period 2025/04"
ts="2026-04-21T19:37:05-0500" level="ERROR" message="Bad response getting daily mean, error code: 400:"
ts="2026-04-21T19:37:05-0500" level="ERROR" message="    10980 Bad data for time period 2025/04"
ts="2026-04-21T19:37:10-0500" level="ERROR" message="Bad response getting daily mean, error code: 400:"
ts="2026-04-21T19:37:10-0500" level="ERROR" message="    10980 Bad data for time period 2025/04"
ts="2026-04-21T19:37:15-0500" level="ERROR" message="Bad response getting daily mean, error code: 400:"
ts="2026-04-21T19:37:15-0500" level="ERROR" message="    10980 Bad data for time period 2025/04"
ts="2026-04-21T19:37:59-0500" level="ERROR" message="Bad response getting station code, error code: 429"
ts="2026-04-21T19:37:59-0500" level="ERROR" message="Bad response getting daily mean, error code: 400:"
ts="2026-04-21T19:37:59-0500" level="ERROR" message="    10980 Bad data for time period 2025/12"
ts="2026-04-21T19:38:04-0500" level="ERROR" message="Bad response getting daily mean, error code: 400:"
ts="2026-04-21T19:38:04-0500" level="ERROR" message="    10980 Bad data for time period 2025/12"
ts="2026-04-21T19:38:09-0500" level="ERROR" message="Bad response getting daily mean, error code: 400:"
ts="2026-04-21T19:38:09-0500" level="ERROR" message="    10980 Bad data for time period 2025/12"
ts="2026-04-21T19:38:15-0500" level="ERROR" message="Bad response getting daily mean, error code: 400:"
ts="2026-04-21T19:38:15-0500" level="ERROR" message="    10980 Bad data for time period 2025/12"
ts="2026-04-21T19:38:20-0500" level="ERROR" message="Bad response getting daily mean, error code: 400:"
ts="2026-04-21T19:38:20-0500" level="ERROR" message="    10980 Bad data for time period 2025/12"
ts="2026-04-21T19:39:21-0500" level="ERROR" message="Bad response getting daily mean, error code: 429:"
ts="2026-04-21T19:39:21-0500" level="ERROR" message="    11010 Bad data for time period 2025/04"
ts="2026-04-21T19:40:03-0500" level="ERROR" message="Bad response getting station code, error code: 429"
ts="2026-04-21T19:40:03-0500" level="ERROR" message="Bad response getting daily mean, error code: 400:"
ts="2026-04-21T19:40:03-0500" level="ERROR" message="    11010 Bad data for time period 2025/11"
ts="2026-04-21T19:40:09-0500" level="ERROR" message="Bad response getting daily mean, error code: 400:"
ts="2026-04-21T19:40:09-0500" level="ERROR" message="    11010 Bad data for time period 2025/11"
ts="2026-04-21T19:40:14-0500" level="ERROR" message="Bad response getting daily mean, error code: 400:"
ts="2026-04-21T19:40:14-0500" level="ERROR" message="    11010 Bad data for time period 2025/11"
ts="2026-04-21T19:40:19-0500" level="ERROR" message="Bad response getting daily mean, error code: 400:"
ts="2026-04-21T19:40:19-0500" level="ERROR" message="    11010 Bad data for time period 2025/11"
ts="2026-04-21T19:40:24-0500" level="ERROR" message="Bad response getting daily mean, error code: 400:"
ts="2026-04-21T19:40:24-0500" level="ERROR" message="    11010 Bad data for time period 2025/11"
ts="2026-04-21T19:47:05-0500" level="ERROR" message="Bad response getting station code, error code: 429"
ts="2026-04-21T19:47:05-0500" level="ERROR" message="Bad response getting daily mean, error code: 400:"
ts="2026-04-21T19:47:05-0500" level="ERROR" message="    11500 Bad data for time period 2025/03"
ts="2026-04-21T19:47:10-0500" level="ERROR" message="Bad response getting daily mean, error code: 400:"
ts="2026-04-21T19:47:10-0500" level="ERROR" message="    11500 Bad data for time period 2025/03"
ts="2026-04-21T19:47:16-0500" level="ERROR" message="Bad response getting daily mean, error code: 400:"
ts="2026-04-21T19:47:16-0500" level="ERROR" message="    11500 Bad data for time period 2025/03"
ts="2026-04-21T19:47:21-0500" level="ERROR" message="Bad response getting daily mean, error code: 400:"
ts="2026-04-21T19:47:21-0500" level="ERROR" message="    11500 Bad data for time period 2025/03"
ts="2026-04-21T19:47:26-0500" level="ERROR" message="Bad response getting daily mean, error code: 400:"
ts="2026-04-21T19:47:26-0500" level="ERROR" message="    11500 Bad data for time period 2025/03"
ts="2026-04-21T19:52:41-0500" level="ERROR" message="Bad response getting daily mean, error code: 429:"
ts="2026-04-21T19:52:41-0500" level="ERROR" message="    11940 Bad data for time period 2025/11"
ts="2026-04-21T19:53:03-0500" level="ERROR" message="Bad response getting daily mean, error code: 429:"
ts="2026-04-21T19:53:03-0500" level="ERROR" message="    11950 Bad data for time period 2025/02"
ts="2026-04-21T19:55:34-0500" level="ERROR" message="Bad response getting station code, error code: 429"
ts="2026-04-21T19:55:34-0500" level="ERROR" message="Bad response getting daily mean, error code: 400:"
ts="2026-04-21T19:55:34-0500" level="ERROR" message="    11965 Bad data for time period 2025/10"
ts="2026-04-21T19:55:40-0500" level="ERROR" message="Bad response getting daily mean, error code: 400:"
ts="2026-04-21T19:55:40-0500" level="ERROR" message="    11965 Bad data for time period 2025/10"
ts="2026-04-21T19:55:45-0500" level="ERROR" message="Bad response getting daily mean, error code: 400:"
ts="2026-04-21T19:55:45-0500" level="ERROR" message="    11965 Bad data for time period 2025/10"
ts="2026-04-21T19:55:50-0500" level="ERROR" message="Bad response getting daily mean, error code: 400:"
ts="2026-04-21T19:55:50-0500" level="ERROR" message="    11965 Bad data for time period 2025/10"
ts="2026-04-21T19:55:55-0500" level="ERROR" message="Bad response getting daily mean, error code: 400:"
ts="2026-04-21T19:55:55-0500" level="ERROR" message="    11965 Bad data for time period 2025/10"
ts="2026-04-21T19:56:06-0500" level="ERROR" message="Missing data for 11965 on 2025/12/01"
ts="2026-04-21T19:56:06-0500" level="ERROR" message="Missing data for 11965 on 2025/12/02"
ts="2026-04-21T19:56:06-0500" level="ERROR" message="Missing data for 11965 on 2025/12/03"
ts="2026-04-21T19:56:06-0500" level="ERROR" message="Missing data for 11965 on 2025/12/04"
ts="2026-04-21T20:00:38-0500" level="ERROR" message="Missing data for 12065 on 2025/12/14"
ts="2026-04-21T20:06:19-0500" level="ERROR" message="Missing data for 13030 on 2025/01/03"
ts="2026-04-21T20:30:45-0500" level="ERROR" message="Bad response getting daily mean, error code: 429:"
ts="2026-04-21T20:30:45-0500" level="ERROR" message="    15975 Bad data for time period 2025/06"
ts="2026-04-21T20:31:18-0500" level="ERROR" message="Bad response getting daily mean, error code: 429:"
ts="2026-04-21T20:31:18-0500" level="ERROR" message="    15975 Bad data for time period 2025/11"
ts="2026-04-21T20:32:31-0500" level="ERROR" message="Bad response getting station code, error code: 429"
ts="2026-04-21T20:32:31-0500" level="ERROR" message="Bad response getting daily mean, error code: 400:"
ts="2026-04-21T20:32:31-0500" level="ERROR" message="    03360 Bad data for time period 2025/04"
ts="2026-04-21T20:32:36-0500" level="ERROR" message="Bad response getting daily mean, error code: 400:"
ts="2026-04-21T20:32:36-0500" level="ERROR" message="    03360 Bad data for time period 2025/04"
ts="2026-04-21T20:32:41-0500" level="ERROR" message="Bad response getting daily mean, error code: 400:"
ts="2026-04-21T20:32:41-0500" level="ERROR" message="    03360 Bad data for time period 2025/04"
ts="2026-04-21T20:32:47-0500" level="ERROR" message="Bad response getting daily mean, error code: 400:"
ts="2026-04-21T20:32:47-0500" level="ERROR" message="    03360 Bad data for time period 2025/04"
ts="2026-04-21T20:32:52-0500" level="ERROR" message="Bad response getting daily mean, error code: 400:"
ts="2026-04-21T20:32:52-0500" level="ERROR" message="    03360 Bad data for time period 2025/04"
ts="2026-04-21T20:33:31-0500" level="ERROR" message="Missing data for 03360 on 2025/11/18"